<?xml version="1.0" encoding="UTF-8"?>
<testng-results ignored="0" total="9" passed="8" failed="1" skipped="0">
  <reporter-output>
  </reporter-output>
  <suite started-at="2024-12-19T01:12:58 IST" name="Default suite" finished-at="2024-12-19T01:16:48 IST" duration-ms="230012">
    <groups>
    </groups>
    <test started-at="2024-12-19T01:12:58 IST" name="Default test" finished-at="2024-12-19T01:16:48 IST" duration-ms="230012">
      <class name="Project.BestBuy.BestBuyTests">
        <test-method is-config="true" signature="openLink()[pri:0, instance:Project.BestBuy.BestBuyTests@4c12331b]" started-at="2024-12-19T01:12:58 IST" name="openLink" finished-at="2024-12-19T01:13:08 IST" duration-ms="10573" status="PASS">
          <reporter-output>
          </reporter-output>
        </test-method> <!-- openLink -->
        <test-method signature="homePage()[pri:0, instance:Project.BestBuy.BestBuyTests@4c12331b]" started-at="2024-12-19T01:13:08 IST" name="homePage" finished-at="2024-12-19T01:13:50 IST" duration-ms="42013" status="PASS">
          <reporter-output>
          </reporter-output>
        </test-method> <!-- homePage -->
        <test-method signature="ButtomLinks()[pri:1, instance:Project.BestBuy.BestBuyTests@4c12331b]" started-at="2024-12-19T01:13:50 IST" name="ButtomLinks" finished-at="2024-12-19T01:15:03 IST" duration-ms="72794" status="PASS">
          <reporter-output>
          </reporter-output>
        </test-method> <!-- ButtomLinks -->
        <test-method signature="loginpage()[pri:2, instance:Project.BestBuy.BestBuyTests@4c12331b]" started-at="2024-12-19T01:15:03 IST" name="loginpage" finished-at="2024-12-19T01:15:20 IST" duration-ms="17180" status="PASS">
          <reporter-output>
          </reporter-output>
        </test-method> <!-- loginpage -->
        <test-method signature="loginpageNegativesenario()[pri:3, instance:Project.BestBuy.BestBuyTests@4c12331b]" started-at="2024-12-19T01:15:20 IST" name="loginpageNegativesenario" finished-at="2024-12-19T01:15:39 IST" duration-ms="18770" status="PASS">
          <reporter-output>
          </reporter-output>
        </test-method> <!-- loginpageNegativesenario -->
        <test-method signature="HomePage()[pri:4, instance:Project.BestBuy.BestBuyTests@4c12331b]" started-at="2024-12-19T01:15:39 IST" name="HomePage" finished-at="2024-12-19T01:15:49 IST" duration-ms="10236" status="PASS">
          <reporter-output>
          </reporter-output>
        </test-method> <!-- HomePage -->
        <test-method signature="testSearchAndAddItemToCart()[pri:5, instance:Project.BestBuy.BestBuyTests@4c12331b]" started-at="2024-12-19T01:15:49 IST" name="testSearchAndAddItemToCart" finished-at="2024-12-19T01:16:05 IST" duration-ms="15456" status="PASS">
          <reporter-output>
          </reporter-output>
        </test-method> <!-- testSearchAndAddItemToCart -->
        <test-method signature="testSelectFromShopByDepartment()[pri:6, instance:Project.BestBuy.BestBuyTests@4c12331b]" started-at="2024-12-19T01:16:05 IST" name="testSelectFromShopByDepartment" finished-at="2024-12-19T01:16:19 IST" duration-ms="14832" status="PASS">
          <reporter-output>
          </reporter-output>
        </test-method> <!-- testSelectFromShopByDepartment -->
        <test-method signature="testSelectFromBrands()[pri:7, instance:Project.BestBuy.BestBuyTests@4c12331b]" started-at="2024-12-19T01:16:19 IST" name="testSelectFromBrands" finished-at="2024-12-19T01:16:40 IST" duration-ms="20229" status="PASS">
          <reporter-output>
          </reporter-output>
        </test-method> <!-- testSelectFromBrands -->
        <test-method signature="checkoutWithDummyInfo()[pri:8, instance:Project.BestBuy.BestBuyTests@4c12331b]" started-at="2024-12-19T01:16:40 IST" name="checkoutWithDummyInfo" finished-at="2024-12-19T01:16:48 IST" duration-ms="7868" status="FAIL">
          <exception class="org.openqa.selenium.NoSuchElementException">
            <message>
              <![CDATA[no such element: Unable to locate element: {"method":"xpath","selector":"//button[text()='Checkout']"}
  (Session info: chrome=131.0.6778.140)
For documentation on this error, please visit: https://www.selenium.dev/documentation/webdriver/troubleshooting/errors#no-such-element-exception
Build info: version: '4.24.0', revision: '748ffc9bc3'
System info: os.name: 'Windows 11', os.arch: 'amd64', os.version: '10.0', java.version: '22.0.1'
Driver info: org.openqa.selenium.chrome.ChromeDriver
Command: [2d65dbad9295454d25fe8fd6fbb40c64, findElement {using=xpath, value=//button[text()='Checkout']}]
Capabilities {acceptInsecureCerts: false, browserName: chrome, browserVersion: 131.0.6778.140, chrome: {chromedriverVersion: 131.0.6778.108 (3b014839fbc..., userDataDir: C:\Users\aswat\AppData\Loca...}, fedcm:accounts: true, goog:chromeOptions: {debuggerAddress: localhost:63043}, networkConnectionEnabled: false, pageLoadStrategy: normal, platformName: windows, proxy: Proxy(), se:cdp: ws://localhost:63043/devtoo..., se:cdpVersion: 131.0.6778.140, setWindowRect: true, strictFileInteractability: false, timeouts: {implicit: 0, pageLoad: 300000, script: 30000}, unhandledPromptBehavior: dismiss and notify, webauthn:extension:credBlob: true, webauthn:extension:largeBlob: true, webauthn:extension:minPinLength: true, webauthn:extension:prf: true, webauthn:virtualAuthenticators: true}
Session ID: 2d65dbad9295454d25fe8fd6fbb40c64]]>
            </message>
            <full-stacktrace>
              <![CDATA[org.openqa.selenium.NoSuchElementException: no such element: Unable to locate element: {"method":"xpath","selector":"//button[text()='Checkout']"}
  (Session info: chrome=131.0.6778.140)
For documentation on this error, please visit: https://www.selenium.dev/documentation/webdriver/troubleshooting/errors#no-such-element-exception
Build info: version: '4.24.0', revision: '748ffc9bc3'
System info: os.name: 'Windows 11', os.arch: 'amd64', os.version: '10.0', java.version: '22.0.1'
Driver info: org.openqa.selenium.chrome.ChromeDriver
Command: [2d65dbad9295454d25fe8fd6fbb40c64, findElement {using=xpath, value=//button[text()='Checkout']}]
Capabilities {acceptInsecureCerts: false, browserName: chrome, browserVersion: 131.0.6778.140, chrome: {chromedriverVersion: 131.0.6778.108 (3b014839fbc..., userDataDir: C:\Users\aswat\AppData\Loca...}, fedcm:accounts: true, goog:chromeOptions: {debuggerAddress: localhost:63043}, networkConnectionEnabled: false, pageLoadStrategy: normal, platformName: windows, proxy: Proxy(), se:cdp: ws://localhost:63043/devtoo..., se:cdpVersion: 131.0.6778.140, setWindowRect: true, strictFileInteractability: false, timeouts: {implicit: 0, pageLoad: 300000, script: 30000}, unhandledPromptBehavior: dismiss and notify, webauthn:extension:credBlob: true, webauthn:extension:largeBlob: true, webauthn:extension:minPinLength: true, webauthn:extension:prf: true, webauthn:virtualAuthenticators: true}
Session ID: 2d65dbad9295454d25fe8fd6fbb40c64
at java.base/jdk.internal.reflect.DirectConstructorHandleAccessor.newInstance(DirectConstructorHandleAccessor.java:62)
at java.base/java.lang.reflect.Constructor.newInstanceWithCaller(Constructor.java:502)
at java.base/java.lang.reflect.Constructor.newInstance(Constructor.java:486)
at org.openqa.selenium.remote.ErrorCodec.decode(ErrorCodec.java:167)
at org.openqa.selenium.remote.codec.w3c.W3CHttpResponseCodec.decode(W3CHttpResponseCodec.java:138)
at org.openqa.selenium.remote.codec.w3c.W3CHttpResponseCodec.decode(W3CHttpResponseCodec.java:50)
at org.openqa.selenium.remote.HttpCommandExecutor.execute(HttpCommandExecutor.java:190)
at org.openqa.selenium.remote.service.DriverCommandExecutor.invokeExecute(DriverCommandExecutor.java:216)
at org.openqa.selenium.remote.service.DriverCommandExecutor.execute(DriverCommandExecutor.java:174)
at org.openqa.selenium.remote.RemoteWebDriver.execute(RemoteWebDriver.java:545)
at org.openqa.selenium.remote.ElementLocation$ElementFinder$2.findElement(ElementLocation.java:165)
at org.openqa.selenium.remote.ElementLocation.findElement(ElementLocation.java:59)
at org.openqa.selenium.remote.RemoteWebDriver.findElement(RemoteWebDriver.java:368)
at org.openqa.selenium.remote.RemoteWebDriver.findElement(RemoteWebDriver.java:362)
at org.openqa.selenium.support.pagefactory.DefaultElementLocator.findElement(DefaultElementLocator.java:68)
at org.openqa.selenium.support.pagefactory.internal.LocatingElementHandler.invoke(LocatingElementHandler.java:38)
at jdk.proxy2/jdk.proxy2.$Proxy11.click(Unknown Source)
at Project.BestBuy.AddAndShop.checkoutClick(AddAndShop.java:60)
at Project.BestBuy.BestBuyTests.checkoutWithDummyInfo(BestBuyTests.java:101)
at java.base/jdk.internal.reflect.DirectMethodHandleAccessor.invoke(DirectMethodHandleAccessor.java:103)
at java.base/java.lang.reflect.Method.invoke(Method.java:580)
at org.testng.internal.invokers.MethodInvocationHelper.invokeMethod(MethodInvocationHelper.java:139)
at org.testng.internal.invokers.TestInvoker.invokeMethod(TestInvoker.java:664)
at org.testng.internal.invokers.TestInvoker.invokeTestMethod(TestInvoker.java:227)
at org.testng.internal.invokers.MethodRunner.runInSequence(MethodRunner.java:50)
at org.testng.internal.invokers.TestInvoker$MethodInvocationAgent.invoke(TestInvoker.java:957)
at org.testng.internal.invokers.TestInvoker.invokeTestMethods(TestInvoker.java:200)
at org.testng.internal.invokers.TestMethodWorker.invokeTestMethods(TestMethodWorker.java:148)
at org.testng.internal.invokers.TestMethodWorker.run(TestMethodWorker.java:128)
at java.base/java.util.ArrayList.forEach(ArrayList.java:1597)
at org.testng.TestRunner.privateRun(TestRunner.java:848)
at org.testng.TestRunner.run(TestRunner.java:621)
at org.testng.SuiteRunner.runTest(SuiteRunner.java:443)
at org.testng.SuiteRunner.runSequentially(SuiteRunner.java:437)
at org.testng.SuiteRunner.privateRun(SuiteRunner.java:397)
at org.testng.SuiteRunner.run(SuiteRunner.java:336)
at org.testng.SuiteRunnerWorker.runSuite(SuiteRunnerWorker.java:52)
at org.testng.SuiteRunnerWorker.run(SuiteRunnerWorker.java:95)
at org.testng.TestNG.runSuitesSequentially(TestNG.java:1280)
at org.testng.TestNG.runSuitesLocally(TestNG.java:1200)
at org.testng.TestNG.runSuites(TestNG.java:1114)
at org.testng.TestNG.run(TestNG.java:1082)
at org.testng.remote.AbstractRemoteTestNG.run(AbstractRemoteTestNG.java:115)
at org.testng.remote.RemoteTestNG.initAndRun(RemoteTestNG.java:293)
at org.testng.remote.RemoteTestNG.main(RemoteTestNG.java:91)
]]>
            </full-stacktrace>
          </exception> <!-- org.openqa.selenium.NoSuchElementException -->
          <reporter-output>
          </reporter-output>
        </test-method> <!-- checkoutWithDummyInfo -->
      </class> <!-- Project.BestBuy.BestBuyTests -->
    </test> <!-- Default test -->
  </suite> <!-- Default suite -->
</testng-results>
